Unity Editor version:    2020.3.21f1 (a38c86f6690f)
Branch:                  2020.3/staging
Build type:              Release
Batch mode:              YES
macOS version:           Version 10.14.6 (Build 18G103)
Darwin version:          18.7.0
Architecture:            x86_64
Running under Rosetta:   NO
Available memory:        8192 MB
Using pre-set license
Pro License: NO

COMMAND LINE ARGUMENTS:
/Applications/Unity/Hub/Editor/2020.3.21f1/Unity.app/Contents/MacOS/Unity
-adb2
-batchMode
-noUpm
-name
AssetImportWorker1
-projectPath
/Users/andy/Unity/South LA/SnakeGame
-logFile
Logs/AssetImportWorker1.log
-srvPort
57831
Successfully changed project path to: /Users/andy/Unity/South LA/SnakeGame
/Users/andy/Unity/South LA/SnakeGame
Using Asset Import Pipeline V2.
Refreshing native plugins compatible for Editor in 52.40 ms, found 3 plugins.
Preloading 0 native plugins for Editor in 0.00 ms.
Initialize engine version: 2020.3.21f1 (a38c86f6690f)
[Subsystems] Discovering subsystems at path /Applications/Unity/Hub/Editor/2020.3.21f1/Unity.app/Contents/Resources/UnitySubsystems
[Subsystems] Discovering subsystems at path /Users/andy/Unity/South LA/SnakeGame/Assets
GfxDevice: creating device client; threaded=0
2021-11-02 22:38:39.793 Unity[8120:1946025] Color LCD preferred device: Intel(R) Iris(TM) Plus Graphics 640 (low power)
2021-11-02 22:38:39.793 Unity[8120:1946025] Metal devices available: 1
2021-11-02 22:38:39.793 Unity[8120:1946025] 0: Intel(R) Iris(TM) Plus Graphics 640 (low power)
2021-11-02 22:38:39.794 Unity[8120:1946025] Using device Intel(R) Iris(TM) Plus Graphics 640 (low power)
Initializing Metal device caps: Intel(R) Iris(TM) Plus Graphics 640
Initialize mono
Mono path[0] = '/Applications/Unity/Hub/Editor/2020.3.21f1/Unity.app/Contents/Managed'
Mono path[1] = '/Applications/Unity/Hub/Editor/2020.3.21f1/Unity.app/Contents/MonoBleedingEdge/lib/mono/unityjit'
Mono config path = '/Applications/Unity/Hub/Editor/2020.3.21f1/Unity.app/Contents/MonoBleedingEdge/etc'
Using monoOptions --debugger-agent=transport=dt_socket,embedding=1,server=y,suspend=n,address=127.0.0.1:56120
Begin MonoManager ReloadAssembly
Registering precompiled unity dll's ...
Register platform support module: /Applications/Unity/Hub/Editor/2020.3.21f1/PlaybackEngines/WebGLSupport/UnityEditor.WebGL.Extensions.dll
Register platform support module: /Applications/Unity/Hub/Editor/2020.3.21f1/Unity.app/Contents/PlaybackEngines/MacStandaloneSupport/UnityEditor.OSXStandalone.Extensions.dll
Register platform support module: /Applications/Unity/Hub/Editor/2020.3.21f1/PlaybackEngines/WindowsStandaloneSupport/UnityEditor.WindowsStandalone.Extensions.dll
Register platform support module: /Applications/Unity/Hub/Editor/2020.3.21f1/PlaybackEngines/LinuxStandaloneSupport/UnityEditor.LinuxStandalone.Extensions.dll
Registered in 0.004316 seconds.
Native extension for LinuxStandalone target not found
Native extension for WindowsStandalone target not found
Native extension for OSXStandalone target not found
Native extension for WebGL target not found
Refreshing native plugins compatible for Editor in 49.30 ms, found 3 plugins.
Preloading 0 native plugins for Editor in 0.00 ms.
Mono: successfully reloaded assembly
- Completed reload, in  3.326 seconds
Domain Reload Profiling:
	ReloadAssembly (3326ms)
		BeginReloadAssembly (51ms)
			ExecutionOrderSort (0ms)
			DisableScriptedObjects (0ms)
			BackupInstance (0ms)
			ReleaseScriptingObjects (0ms)
			CreateAndSetChildDomain (1ms)
		EndReloadAssembly (654ms)
			LoadAssemblies (56ms)
			RebuildTransferFunctionScriptingTraits (0ms)
			SetupTypeCache (241ms)
			ReleaseScriptCaches (0ms)
			RebuildScriptCaches (48ms)
			SetupLoadedEditorAssemblies (252ms)
				LogAssemblyErrors (0ms)
				InitializePlatformSupportModulesInManaged (7ms)
				SetLoadedEditorAssemblies (0ms)
				RefreshPlugins (49ms)
				BeforeProcessingInitializeOnLoad (34ms)
				ProcessInitializeOnLoadAttributes (129ms)
				ProcessInitializeOnLoadMethodAttributes (34ms)
				AfterProcessingInitializeOnLoad (0ms)
				EditorAssembliesLoaded (0ms)
			ExecutionOrderSort2 (0ms)
			AwakeInstancesAfterBackupRestoration (0ms)
Platform modules already initialized, skipping
Registering precompiled user dll's ...
Registered in 0.006582 seconds.
Begin MonoManager ReloadAssembly
Native extension for LinuxStandalone target not found
Native extension for WindowsStandalone target not found
Native extension for OSXStandalone target not found
Native extension for WebGL target not found
Refreshing native plugins compatible for Editor in 44.64 ms, found 3 plugins.
Preloading 0 native plugins for Editor in 0.00 ms.
Mono: successfully reloaded assembly
- Completed reload, in  1.468 seconds
Domain Reload Profiling:
	ReloadAssembly (1471ms)
		BeginReloadAssembly (178ms)
			ExecutionOrderSort (0ms)
			DisableScriptedObjects (7ms)
			BackupInstance (0ms)
			ReleaseScriptingObjects (0ms)
			CreateAndSetChildDomain (35ms)
		EndReloadAssembly (1213ms)
			LoadAssemblies (133ms)
			RebuildTransferFunctionScriptingTraits (0ms)
			SetupTypeCache (421ms)
			ReleaseScriptCaches (0ms)
			RebuildScriptCaches (79ms)
			SetupLoadedEditorAssemblies (426ms)
				LogAssemblyErrors (0ms)
				InitializePlatformSupportModulesInManaged (6ms)
				SetLoadedEditorAssemblies (0ms)
				RefreshPlugins (45ms)
				BeforeProcessingInitializeOnLoad (84ms)
				ProcessInitializeOnLoadAttributes (268ms)
				ProcessInitializeOnLoadMethodAttributes (22ms)
				AfterProcessingInitializeOnLoad (1ms)
				EditorAssembliesLoaded (0ms)
			ExecutionOrderSort2 (0ms)
			AwakeInstancesAfterBackupRestoration (8ms)
Platform modules already initialized, skipping
Validating Project structure ... 0.000404 seconds.
Shader import version has changed; will reimport all shaders...
Upgrading shader files ...0.000373 seconds.
Application.AssetDatabase Initial Script Refresh Start
RefreshInfo: InitialScriptRefreshV2(NoUpdateAssetOptions) scanfilter:  ... 1 filters
RefreshProfiler: Total: 0.000ms
Application.AssetDatabase Initial Script Refresh End
Application.AssetDatabase.Refresh Start
Application.AssetDatabase.Refresh End
RefreshInfo: StopAssetImportingV2(ForceSynchronousImport) scanfilter: 
RefreshProfiler: Total: 0.000ms
Launching external process: /Applications/Unity/Hub/Editor/2020.3.21f1/Unity.app/Contents/Tools/UnityShaderCompiler
Launched and connected shader compiler UnityShaderCompiler after 0.02 seconds
Initializing Unity extensions:
========================================================================
Worker process is ready to serve import requests
Refreshing native plugins compatible for Editor in 0.40 ms, found 3 plugins.
Preloading 0 native plugins for Editor in 0.00 ms.
Unloading 2187 Unused Serialized files (Serialized files now loaded: 0)
System memory in use before: 200.2 MB.
System memory in use after: 199.5 MB.

Unloading 104 unused Assets to reduce memory usage. Loaded Objects now: 2661.
Total: 4.534743 ms (FindLiveObjects: 0.297211 ms CreateObjectMapping: 0.138802 ms MarkObjects: 3.533539 ms  DeleteObjects: 0.564024 ms)

AssetImportParameters requested are different than current active one (requested -> active):
  custom:video-decoder-ogg-theora: a1e56fd34408186e4bbccfd4996cb3dc -> 
  custom:container-muxer-webm: aa71ff27fc2769a1b78a27578f13a17b -> 
  custom:container-demuxer-webm: 4f35f7cbe854078d1ac9338744f61a02 -> 
  custom:container-demuxer-ogg: 62fdf1f143b41e24485cea50d1cbac27 -> 
  custom:video-encoder-webm-vp8: eb34c28f22e8b96e1ab97ce403110664 -> 
  custom:framework-osx-AVFoundation: b23960f63f64bdc6ff669e2cdcee2391 -> 
  custom:video-decoder-webm-vp8: 9c59270c3fd7afecdb556c50c9e8de78 -> 
  custom:audio-decoder-ogg-vorbis: bf7c407c2cedff20999df2af8eb42d56 -> 
  custom:audio-encoder-webm-vorbis: bf7c407c2cedff20999df2af8eb42d56 -> 
========================================================================
Received Import Request.
  path: Assets/Artwork/background.png
  artifactKey: Guid(4b2f3c57235ef4bbe86bd7651c0a041e) Importer(815301076,1909f56bfc062723c751e8b465ee728b)
Start importing Assets/Artwork/background.png using Guid(4b2f3c57235ef4bbe86bd7651c0a041e) Importer(815301076,1909f56bfc062723c751e8b465ee728b)  -> (artifact id: '830dd7413c492d01e73d5ed3dd126a52') in 0.372184 seconds 
  Import took 0.375705 seconds .

========================================================================
Received Import Request.
  Time since last request: 10.145084 seconds.
  path: Assets/Artwork/background.png
  artifactKey: Guid(4b2f3c57235ef4bbe86bd7651c0a041e) Importer(815301076,1909f56bfc062723c751e8b465ee728b)
Start importing Assets/Artwork/background.png using Guid(4b2f3c57235ef4bbe86bd7651c0a041e) Importer(815301076,1909f56bfc062723c751e8b465ee728b)  -> (artifact id: '93dc1c5662b20cbe7c07f71ac67ef00f') in 0.012120 seconds 
  Import took 0.017124 seconds .

========================================================================
Received Import Request.
  Time since last request: 445.115780 seconds.
  path: Assets/Artwork/PathAndObjects.png
  artifactKey: Guid(5746c94cb44894d37bc0c82d2844afbc) Importer(815301076,1909f56bfc062723c751e8b465ee728b)
Start importing Assets/Artwork/PathAndObjects.png using Guid(5746c94cb44894d37bc0c82d2844afbc) Importer(815301076,1909f56bfc062723c751e8b465ee728b)  -> (artifact id: 'fa7c656ea085161341430e952789ce31') in 0.108377 seconds 
  Import took 0.142832 seconds .

========================================================================
Received Import Request.
  Time since last request: 6.424323 seconds.
  path: Assets/Artwork/PathAndObjects.png
  artifactKey: Guid(5746c94cb44894d37bc0c82d2844afbc) Importer(815301076,1909f56bfc062723c751e8b465ee728b)
Start importing Assets/Artwork/PathAndObjects.png using Guid(5746c94cb44894d37bc0c82d2844afbc) Importer(815301076,1909f56bfc062723c751e8b465ee728b)  -> (artifact id: '4ccda5cce45e3cd5532241d357f55dc1') in 0.022290 seconds 
  Import took 0.032641 seconds .

========================================================================
Received Import Request.
  Time since last request: 10.023244 seconds.
  path: Assets/Artwork/PathAndObjects.png
  artifactKey: Guid(5746c94cb44894d37bc0c82d2844afbc) Importer(815301076,1909f56bfc062723c751e8b465ee728b)
Start importing Assets/Artwork/PathAndObjects.png using Guid(5746c94cb44894d37bc0c82d2844afbc) Importer(815301076,1909f56bfc062723c751e8b465ee728b)  -> (artifact id: 'e8d424a55dff35f3a5832a335d99f1ba') in 0.020243 seconds 
  Import took 0.029503 seconds .

========================================================================
Received Import Request.
  Time since last request: 142.048264 seconds.
  path: Assets/Artwork/PathAndObjects.png
  artifactKey: Guid(5746c94cb44894d37bc0c82d2844afbc) Importer(815301076,1909f56bfc062723c751e8b465ee728b)
Start importing Assets/Artwork/PathAndObjects.png using Guid(5746c94cb44894d37bc0c82d2844afbc) Importer(815301076,1909f56bfc062723c751e8b465ee728b)  -> (artifact id: '31a666703baf64ee2df3b7567a255161') in 0.051800 seconds 
  Import took 0.057562 seconds .

========================================================================
Received Import Request.
  Time since last request: 64.764133 seconds.
  path: Assets/Artwork/PathAndObjects.png
  artifactKey: Guid(5746c94cb44894d37bc0c82d2844afbc) Importer(815301076,1909f56bfc062723c751e8b465ee728b)
Start importing Assets/Artwork/PathAndObjects.png using Guid(5746c94cb44894d37bc0c82d2844afbc) Importer(815301076,1909f56bfc062723c751e8b465ee728b)  -> (artifact id: 'e0100a59ffec8276c4d41fa0dfaa85cf') in 0.072105 seconds 
  Import took 0.077329 seconds .

========================================================================
Received Import Request.
  Time since last request: 157.946612 seconds.
  path: Assets/Ground/Ground.prefab
  artifactKey: Guid(063aef84ec3ad474691a33472be5c968) Importer(815301076,1909f56bfc062723c751e8b465ee728b)
Start importing Assets/Ground/Ground.prefab using Guid(063aef84ec3ad474691a33472be5c968) Importer(815301076,1909f56bfc062723c751e8b465ee728b)  -> (artifact id: 'dfa88b460f2e08355ba7eae079ba471f') in 0.467554 seconds 
  Import took 0.473634 seconds .

========================================================================
Received Import Request.
  Time since last request: 34.924674 seconds.
  path: Assets/Ground/Ground.prefab
  artifactKey: Guid(063aef84ec3ad474691a33472be5c968) Importer(815301076,1909f56bfc062723c751e8b465ee728b)
Start importing Assets/Ground/Ground.prefab using Guid(063aef84ec3ad474691a33472be5c968) Importer(815301076,1909f56bfc062723c751e8b465ee728b)  -> (artifact id: 'df077770d09666fd46e215e9e63520fc') in 0.036982 seconds 
  Import took 0.044102 seconds .

========================================================================
Received Import Request.
  Time since last request: 4.583503 seconds.
  path: Assets/Ground
  artifactKey: Guid(0cdc297cb722249cb9baf895a32fd34b) Importer(815301076,1909f56bfc062723c751e8b465ee728b)
Start importing Assets/Ground using Guid(0cdc297cb722249cb9baf895a32fd34b) Importer(815301076,1909f56bfc062723c751e8b465ee728b)  -> (artifact id: '1ae8a91368079173eb97489a54f46800') in 0.001416 seconds 
  Import took 0.010844 seconds .

========================================================================
Received Import Request.
  Time since last request: 173.913490 seconds.
  path: Assets/Prefabs/SnakeBody.prefab
  artifactKey: Guid(9c0d710b0eaba4ef899193547450ba49) Importer(815301076,1909f56bfc062723c751e8b465ee728b)
Start importing Assets/Prefabs/SnakeBody.prefab using Guid(9c0d710b0eaba4ef899193547450ba49) Importer(815301076,1909f56bfc062723c751e8b465ee728b)  -> (artifact id: '91b7ae254f84745ad4a729a85e26913b') in 0.028972 seconds 
  Import took 0.036456 seconds .

========================================================================
Received Import Request.
  Time since last request: 4.445261 seconds.
  path: Assets/Ground/Ground.prefab
  artifactKey: Guid(063aef84ec3ad474691a33472be5c968) Importer(815301076,1909f56bfc062723c751e8b465ee728b)
Start importing Assets/Ground/Ground.prefab using Guid(063aef84ec3ad474691a33472be5c968) Importer(815301076,1909f56bfc062723c751e8b465ee728b)  -> (artifact id: 'b93b1998753a5c645294228101dd2dff') in 0.035058 seconds 
  Import took 0.039722 seconds .

========================================================================
Received Import Request.
  Time since last request: 1.171626 seconds.
  path: Assets/Ground/road_1.asset
  artifactKey: Guid(e010331d79651477abd1463631affc0f) Importer(815301076,1909f56bfc062723c751e8b465ee728b)
Start importing Assets/Ground/road_1.asset using Guid(e010331d79651477abd1463631affc0f) Importer(815301076,1909f56bfc062723c751e8b465ee728b)  -> (artifact id: '49c17121e13b26ac1befef9280f469f6') in 0.263288 seconds 
  Import took 0.267933 seconds .

========================================================================
Received Import Request.
  Time since last request: 0.396382 seconds.
  path: Assets/Ground/road_0.asset
  artifactKey: Guid(7e45c3ba778cf451cbae2e00c65d9780) Importer(815301076,1909f56bfc062723c751e8b465ee728b)
Start importing Assets/Ground/road_0.asset using Guid(7e45c3ba778cf451cbae2e00c65d9780) Importer(815301076,1909f56bfc062723c751e8b465ee728b)  -> (artifact id: 'c1b63837467b0d9d9ada2e926ca57203') in 0.019391 seconds 
  Import took 0.024936 seconds .

========================================================================
Received Import Request.
  Time since last request: 49.513366 seconds.
  path: Assets/Artwork/PathAndObjects.png
  artifactKey: Guid(5746c94cb44894d37bc0c82d2844afbc) Importer(815301076,1909f56bfc062723c751e8b465ee728b)
Start importing Assets/Artwork/PathAndObjects.png using Guid(5746c94cb44894d37bc0c82d2844afbc) Importer(815301076,1909f56bfc062723c751e8b465ee728b)  -> (artifact id: '3a0876469a018ef52cf8acfb5652f160') in 0.080320 seconds 
  Import took 0.086236 seconds .

========================================================================
Received Import Request.
  Time since last request: 173.416489 seconds.
  path: Assets/Artwork/PathAndObjects.png
  artifactKey: Guid(5746c94cb44894d37bc0c82d2844afbc) Importer(815301076,1909f56bfc062723c751e8b465ee728b)
Start importing Assets/Artwork/PathAndObjects.png using Guid(5746c94cb44894d37bc0c82d2844afbc) Importer(815301076,1909f56bfc062723c751e8b465ee728b)  -> (artifact id: 'e20d7e318ecfd5a358001ba1ccf59dbc') in 0.084844 seconds 
  Import took 0.089409 seconds .

