Unity Editor version:    2020.3.21f1 (a38c86f6690f)
Branch:                  2020.3/staging
Build type:              Release
Batch mode:              YES
macOS version:           Version 10.14.6 (Build 18G103)
Darwin version:          18.7.0
Architecture:            x86_64
Running under Rosetta:   NO
Available memory:        8192 MB
Using pre-set license
Pro License: NO

COMMAND LINE ARGUMENTS:
/Applications/Unity/Hub/Editor/2020.3.21f1/Unity.app/Contents/MacOS/Unity
-adb2
-batchMode
-noUpm
-name
AssetImportWorker0
-projectPath
/Users/andy/Unity/South LA/SnakeGame
-logFile
Logs/AssetImportWorker0.log
-srvPort
62427
Successfully changed project path to: /Users/andy/Unity/South LA/SnakeGame
/Users/andy/Unity/South LA/SnakeGame
Using Asset Import Pipeline V2.
Refreshing native plugins compatible for Editor in 55.47 ms, found 3 plugins.
Preloading 0 native plugins for Editor in 0.00 ms.
Initialize engine version: 2020.3.21f1 (a38c86f6690f)
[Subsystems] Discovering subsystems at path /Applications/Unity/Hub/Editor/2020.3.21f1/Unity.app/Contents/Resources/UnitySubsystems
[Subsystems] Discovering subsystems at path /Users/andy/Unity/South LA/SnakeGame/Assets
GfxDevice: creating device client; threaded=0
2021-11-03 07:49:16.699 Unity[8523:1989278] Color LCD preferred device: Intel(R) Iris(TM) Plus Graphics 640 (low power)
2021-11-03 07:49:16.699 Unity[8523:1989278] Metal devices available: 1
2021-11-03 07:49:16.699 Unity[8523:1989278] 0: Intel(R) Iris(TM) Plus Graphics 640 (low power)
2021-11-03 07:49:16.700 Unity[8523:1989278] Using device Intel(R) Iris(TM) Plus Graphics 640 (low power)
Initializing Metal device caps: Intel(R) Iris(TM) Plus Graphics 640
Initialize mono
Mono path[0] = '/Applications/Unity/Hub/Editor/2020.3.21f1/Unity.app/Contents/Managed'
Mono path[1] = '/Applications/Unity/Hub/Editor/2020.3.21f1/Unity.app/Contents/MonoBleedingEdge/lib/mono/unityjit'
Mono config path = '/Applications/Unity/Hub/Editor/2020.3.21f1/Unity.app/Contents/MonoBleedingEdge/etc'
Using monoOptions --debugger-agent=transport=dt_socket,embedding=1,server=y,suspend=n,address=127.0.0.1:56523
Begin MonoManager ReloadAssembly
Registering precompiled unity dll's ...
Register platform support module: /Applications/Unity/Hub/Editor/2020.3.21f1/PlaybackEngines/WebGLSupport/UnityEditor.WebGL.Extensions.dll
Register platform support module: /Applications/Unity/Hub/Editor/2020.3.21f1/Unity.app/Contents/PlaybackEngines/MacStandaloneSupport/UnityEditor.OSXStandalone.Extensions.dll
Register platform support module: /Applications/Unity/Hub/Editor/2020.3.21f1/PlaybackEngines/WindowsStandaloneSupport/UnityEditor.WindowsStandalone.Extensions.dll
Register platform support module: /Applications/Unity/Hub/Editor/2020.3.21f1/PlaybackEngines/LinuxStandaloneSupport/UnityEditor.LinuxStandalone.Extensions.dll
Registered in 0.005032 seconds.
Native extension for LinuxStandalone target not found
Native extension for WindowsStandalone target not found
Native extension for OSXStandalone target not found
Native extension for WebGL target not found
Refreshing native plugins compatible for Editor in 46.82 ms, found 3 plugins.
Preloading 0 native plugins for Editor in 0.00 ms.
Mono: successfully reloaded assembly
- Completed reload, in  2.827 seconds
Domain Reload Profiling:
	ReloadAssembly (2827ms)
		BeginReloadAssembly (42ms)
			ExecutionOrderSort (0ms)
			DisableScriptedObjects (0ms)
			BackupInstance (0ms)
			ReleaseScriptingObjects (0ms)
			CreateAndSetChildDomain (1ms)
		EndReloadAssembly (633ms)
			LoadAssemblies (46ms)
			RebuildTransferFunctionScriptingTraits (0ms)
			SetupTypeCache (218ms)
			ReleaseScriptCaches (0ms)
			RebuildScriptCaches (46ms)
			SetupLoadedEditorAssemblies (259ms)
				LogAssemblyErrors (0ms)
				InitializePlatformSupportModulesInManaged (8ms)
				SetLoadedEditorAssemblies (0ms)
				RefreshPlugins (47ms)
				BeforeProcessingInitializeOnLoad (40ms)
				ProcessInitializeOnLoadAttributes (124ms)
				ProcessInitializeOnLoadMethodAttributes (41ms)
				AfterProcessingInitializeOnLoad (0ms)
				EditorAssembliesLoaded (0ms)
			ExecutionOrderSort2 (0ms)
			AwakeInstancesAfterBackupRestoration (0ms)
Platform modules already initialized, skipping
Registering precompiled user dll's ...
Registered in 0.009714 seconds.
Begin MonoManager ReloadAssembly
Native extension for LinuxStandalone target not found
Native extension for WindowsStandalone target not found
Native extension for OSXStandalone target not found
Native extension for WebGL target not found
Refreshing native plugins compatible for Editor in 45.24 ms, found 3 plugins.
Preloading 0 native plugins for Editor in 0.00 ms.
Mono: successfully reloaded assembly
- Completed reload, in  1.854 seconds
Domain Reload Profiling:
	ReloadAssembly (1855ms)
		BeginReloadAssembly (212ms)
			ExecutionOrderSort (0ms)
			DisableScriptedObjects (6ms)
			BackupInstance (0ms)
			ReleaseScriptingObjects (0ms)
			CreateAndSetChildDomain (59ms)
		EndReloadAssembly (1539ms)
			LoadAssemblies (152ms)
			RebuildTransferFunctionScriptingTraits (0ms)
			SetupTypeCache (562ms)
			ReleaseScriptCaches (0ms)
			RebuildScriptCaches (69ms)
			SetupLoadedEditorAssemblies (450ms)
				LogAssemblyErrors (0ms)
				InitializePlatformSupportModulesInManaged (7ms)
				SetLoadedEditorAssemblies (0ms)
				RefreshPlugins (45ms)
				BeforeProcessingInitializeOnLoad (83ms)
				ProcessInitializeOnLoadAttributes (292ms)
				ProcessInitializeOnLoadMethodAttributes (21ms)
				AfterProcessingInitializeOnLoad (1ms)
				EditorAssembliesLoaded (0ms)
			ExecutionOrderSort2 (0ms)
			AwakeInstancesAfterBackupRestoration (8ms)
Platform modules already initialized, skipping
Validating Project structure ... 0.000611 seconds.
Shader import version has changed; will reimport all shaders...
Upgrading shader files ...0.000566 seconds.
Application.AssetDatabase Initial Script Refresh Start
RefreshInfo: InitialScriptRefreshV2(NoUpdateAssetOptions) scanfilter:  ... 1 filters
RefreshProfiler: Total: 0.000ms
Application.AssetDatabase Initial Script Refresh End
Application.AssetDatabase.Refresh Start
Application.AssetDatabase.Refresh End
RefreshInfo: StopAssetImportingV2(ForceSynchronousImport) scanfilter: 
RefreshProfiler: Total: 0.000ms
Launching external process: /Applications/Unity/Hub/Editor/2020.3.21f1/Unity.app/Contents/Tools/UnityShaderCompiler
Launched and connected shader compiler UnityShaderCompiler after 0.02 seconds
Initializing Unity extensions:
========================================================================
Worker process is ready to serve import requests
Refreshing native plugins compatible for Editor in 0.66 ms, found 3 plugins.
Preloading 0 native plugins for Editor in 0.00 ms.
Unloading 2187 Unused Serialized files (Serialized files now loaded: 0)
System memory in use before: 200.3 MB.
System memory in use after: 199.5 MB.

Unloading 104 unused Assets to reduce memory usage. Loaded Objects now: 2661.
Total: 3.945218 ms (FindLiveObjects: 0.256523 ms CreateObjectMapping: 0.117579 ms MarkObjects: 3.062621 ms  DeleteObjects: 0.507631 ms)

AssetImportParameters requested are different than current active one (requested -> active):
  custom:video-decoder-ogg-theora: a1e56fd34408186e4bbccfd4996cb3dc -> 
  custom:container-muxer-webm: aa71ff27fc2769a1b78a27578f13a17b -> 
  custom:container-demuxer-webm: 4f35f7cbe854078d1ac9338744f61a02 -> 
  custom:container-demuxer-ogg: 62fdf1f143b41e24485cea50d1cbac27 -> 
  custom:video-encoder-webm-vp8: eb34c28f22e8b96e1ab97ce403110664 -> 
  custom:framework-osx-AVFoundation: b23960f63f64bdc6ff669e2cdcee2391 -> 
  custom:video-decoder-webm-vp8: 9c59270c3fd7afecdb556c50c9e8de78 -> 
  custom:audio-decoder-ogg-vorbis: bf7c407c2cedff20999df2af8eb42d56 -> 
  custom:audio-encoder-webm-vorbis: bf7c407c2cedff20999df2af8eb42d56 -> 
========================================================================
Received Import Request.
  path: Assets/Artwork/PathAndObjects.png
  artifactKey: Guid(5746c94cb44894d37bc0c82d2844afbc) Importer(815301076,1909f56bfc062723c751e8b465ee728b)
Start importing Assets/Artwork/PathAndObjects.png using Guid(5746c94cb44894d37bc0c82d2844afbc) Importer(815301076,1909f56bfc062723c751e8b465ee728b)  -> (artifact id: '401c9e93409855362d63e8c0392133ac') in 0.478419 seconds 
  Import took 0.484136 seconds .

========================================================================
Received Import Request.
  Time since last request: 234.697307 seconds.
  path: Assets/Artwork/PathAndObjects.png
  artifactKey: Guid(5746c94cb44894d37bc0c82d2844afbc) Importer(815301076,1909f56bfc062723c751e8b465ee728b)
Start importing Assets/Artwork/PathAndObjects.png using Guid(5746c94cb44894d37bc0c82d2844afbc) Importer(815301076,1909f56bfc062723c751e8b465ee728b)  -> (artifact id: '715b2695e8bed9b48663553f0a4bc6b3') in 0.082404 seconds 
  Import took 0.087069 seconds .

========================================================================
Received Import Request.
  Time since last request: 386.046557 seconds.
  path: Assets/Artwork/PathAndObjects.png
  artifactKey: Guid(5746c94cb44894d37bc0c82d2844afbc) Importer(815301076,1909f56bfc062723c751e8b465ee728b)
Start importing Assets/Artwork/PathAndObjects.png using Guid(5746c94cb44894d37bc0c82d2844afbc) Importer(815301076,1909f56bfc062723c751e8b465ee728b)  -> (artifact id: '8d3502c6ba184082e2a8b53463d8fbf3') in 0.163569 seconds 
  Import took 0.169095 seconds .

========================================================================
Received Prepare
Registering precompiled user dll's ...
Registered in 0.003917 seconds.
Begin MonoManager ReloadAssembly
Native extension for LinuxStandalone target not found
Native extension for WindowsStandalone target not found
Native extension for OSXStandalone target not found
Native extension for WebGL target not found
Refreshing native plugins compatible for Editor in 0.50 ms, found 3 plugins.
Preloading 0 native plugins for Editor in 0.00 ms.
Mono: successfully reloaded assembly
- Completed reload, in  1.383 seconds
Domain Reload Profiling:
	ReloadAssembly (1384ms)
		BeginReloadAssembly (167ms)
			ExecutionOrderSort (0ms)
			DisableScriptedObjects (15ms)
			BackupInstance (0ms)
			ReleaseScriptingObjects (0ms)
			CreateAndSetChildDomain (87ms)
		EndReloadAssembly (1130ms)
			LoadAssemblies (83ms)
			RebuildTransferFunctionScriptingTraits (0ms)
			SetupTypeCache (416ms)
			ReleaseScriptCaches (1ms)
			RebuildScriptCaches (63ms)
			SetupLoadedEditorAssemblies (419ms)
				LogAssemblyErrors (0ms)
				InitializePlatformSupportModulesInManaged (8ms)
				SetLoadedEditorAssemblies (1ms)
				RefreshPlugins (1ms)
				BeforeProcessingInitializeOnLoad (138ms)
				ProcessInitializeOnLoadAttributes (257ms)
				ProcessInitializeOnLoadMethodAttributes (14ms)
				AfterProcessingInitializeOnLoad (1ms)
				EditorAssembliesLoaded (0ms)
			ExecutionOrderSort2 (0ms)
			AwakeInstancesAfterBackupRestoration (11ms)
Platform modules already initialized, skipping
Refreshing native plugins compatible for Editor in 0.58 ms, found 3 plugins.
Preloading 0 native plugins for Editor in 0.00 ms.
Unloading 2175 Unused Serialized files (Serialized files now loaded: 0)
System memory in use before: 202.0 MB.
System memory in use after: 202.1 MB.

Unloading 18 unused Assets to reduce memory usage. Loaded Objects now: 2670.
Total: 3.731365 ms (FindLiveObjects: 0.256673 ms CreateObjectMapping: 0.094936 ms MarkObjects: 3.332446 ms  DeleteObjects: 0.045989 ms)

AssetImportParameters requested are different than current active one (requested -> active):
  custom:video-decoder-ogg-theora: a1e56fd34408186e4bbccfd4996cb3dc -> 
  custom:container-muxer-webm: aa71ff27fc2769a1b78a27578f13a17b -> 
  custom:container-demuxer-webm: 4f35f7cbe854078d1ac9338744f61a02 -> 
  custom:container-demuxer-ogg: 62fdf1f143b41e24485cea50d1cbac27 -> 
  custom:video-encoder-webm-vp8: eb34c28f22e8b96e1ab97ce403110664 -> 
  custom:framework-osx-AVFoundation: b23960f63f64bdc6ff669e2cdcee2391 -> 
  custom:video-decoder-webm-vp8: 9c59270c3fd7afecdb556c50c9e8de78 -> 
  custom:audio-decoder-ogg-vorbis: bf7c407c2cedff20999df2af8eb42d56 -> 
  custom:audio-encoder-webm-vorbis: bf7c407c2cedff20999df2af8eb42d56 -> 
========================================================================
Received Prepare
Registering precompiled user dll's ...
Registered in 0.003342 seconds.
Begin MonoManager ReloadAssembly
Native extension for LinuxStandalone target not found
Native extension for WindowsStandalone target not found
Native extension for OSXStandalone target not found
Native extension for WebGL target not found
Refreshing native plugins compatible for Editor in 0.58 ms, found 3 plugins.
Preloading 0 native plugins for Editor in 0.00 ms.
Mono: successfully reloaded assembly
- Completed reload, in  1.449 seconds
Domain Reload Profiling:
	ReloadAssembly (1450ms)
		BeginReloadAssembly (208ms)
			ExecutionOrderSort (0ms)
			DisableScriptedObjects (16ms)
			BackupInstance (0ms)
			ReleaseScriptingObjects (0ms)
			CreateAndSetChildDomain (120ms)
		EndReloadAssembly (1168ms)
			LoadAssemblies (94ms)
			RebuildTransferFunctionScriptingTraits (0ms)
			SetupTypeCache (441ms)
			ReleaseScriptCaches (1ms)
			RebuildScriptCaches (61ms)
			SetupLoadedEditorAssemblies (422ms)
				LogAssemblyErrors (0ms)
				InitializePlatformSupportModulesInManaged (8ms)
				SetLoadedEditorAssemblies (1ms)
				RefreshPlugins (1ms)
				BeforeProcessingInitializeOnLoad (146ms)
				ProcessInitializeOnLoadAttributes (254ms)
				ProcessInitializeOnLoadMethodAttributes (12ms)
				AfterProcessingInitializeOnLoad (1ms)
				EditorAssembliesLoaded (0ms)
			ExecutionOrderSort2 (0ms)
			AwakeInstancesAfterBackupRestoration (11ms)
Platform modules already initialized, skipping
Refreshing native plugins compatible for Editor in 0.57 ms, found 3 plugins.
Preloading 0 native plugins for Editor in 0.00 ms.
Unloading 2175 Unused Serialized files (Serialized files now loaded: 0)
System memory in use before: 202.2 MB.
System memory in use after: 202.4 MB.

Unloading 17 unused Assets to reduce memory usage. Loaded Objects now: 2672.
Total: 3.454408 ms (FindLiveObjects: 0.314537 ms CreateObjectMapping: 0.105592 ms MarkObjects: 2.997903 ms  DeleteObjects: 0.035393 ms)

AssetImportParameters requested are different than current active one (requested -> active):
  custom:video-decoder-ogg-theora: a1e56fd34408186e4bbccfd4996cb3dc -> 
  custom:container-muxer-webm: aa71ff27fc2769a1b78a27578f13a17b -> 
  custom:container-demuxer-webm: 4f35f7cbe854078d1ac9338744f61a02 -> 
  custom:container-demuxer-ogg: 62fdf1f143b41e24485cea50d1cbac27 -> 
  custom:video-encoder-webm-vp8: eb34c28f22e8b96e1ab97ce403110664 -> 
  custom:framework-osx-AVFoundation: b23960f63f64bdc6ff669e2cdcee2391 -> 
  custom:video-decoder-webm-vp8: 9c59270c3fd7afecdb556c50c9e8de78 -> 
  custom:audio-decoder-ogg-vorbis: bf7c407c2cedff20999df2af8eb42d56 -> 
  custom:audio-encoder-webm-vorbis: bf7c407c2cedff20999df2af8eb42d56 -> 
========================================================================
Received Prepare
Registering precompiled user dll's ...
Registered in 0.002865 seconds.
Begin MonoManager ReloadAssembly
Native extension for LinuxStandalone target not found
Native extension for WindowsStandalone target not found
Native extension for OSXStandalone target not found
Native extension for WebGL target not found
Refreshing native plugins compatible for Editor in 0.52 ms, found 3 plugins.
Preloading 0 native plugins for Editor in 0.00 ms.
Mono: successfully reloaded assembly
- Completed reload, in  1.400 seconds
Domain Reload Profiling:
	ReloadAssembly (1401ms)
		BeginReloadAssembly (154ms)
			ExecutionOrderSort (0ms)
			DisableScriptedObjects (8ms)
			BackupInstance (0ms)
			ReleaseScriptingObjects (0ms)
			CreateAndSetChildDomain (74ms)
		EndReloadAssembly (1171ms)
			LoadAssemblies (99ms)
			RebuildTransferFunctionScriptingTraits (0ms)
			SetupTypeCache (428ms)
			ReleaseScriptCaches (1ms)
			RebuildScriptCaches (73ms)
			SetupLoadedEditorAssemblies (426ms)
				LogAssemblyErrors (0ms)
				InitializePlatformSupportModulesInManaged (8ms)
				SetLoadedEditorAssemblies (1ms)
				RefreshPlugins (1ms)
				BeforeProcessingInitializeOnLoad (140ms)
				ProcessInitializeOnLoadAttributes (265ms)
				ProcessInitializeOnLoadMethodAttributes (12ms)
				AfterProcessingInitializeOnLoad (1ms)
				EditorAssembliesLoaded (0ms)
			ExecutionOrderSort2 (0ms)
			AwakeInstancesAfterBackupRestoration (11ms)
Platform modules already initialized, skipping
Refreshing native plugins compatible for Editor in 0.71 ms, found 3 plugins.
Preloading 0 native plugins for Editor in 0.00 ms.
Unloading 2175 Unused Serialized files (Serialized files now loaded: 0)
System memory in use before: 202.5 MB.
System memory in use after: 202.6 MB.

Unloading 17 unused Assets to reduce memory usage. Loaded Objects now: 2674.
Total: 3.859498 ms (FindLiveObjects: 0.275001 ms CreateObjectMapping: 0.115959 ms MarkObjects: 3.443967 ms  DeleteObjects: 0.023071 ms)

AssetImportParameters requested are different than current active one (requested -> active):
  custom:video-decoder-ogg-theora: a1e56fd34408186e4bbccfd4996cb3dc -> 
  custom:container-muxer-webm: aa71ff27fc2769a1b78a27578f13a17b -> 
  custom:container-demuxer-webm: 4f35f7cbe854078d1ac9338744f61a02 -> 
  custom:container-demuxer-ogg: 62fdf1f143b41e24485cea50d1cbac27 -> 
  custom:video-encoder-webm-vp8: eb34c28f22e8b96e1ab97ce403110664 -> 
  custom:framework-osx-AVFoundation: b23960f63f64bdc6ff669e2cdcee2391 -> 
  custom:video-decoder-webm-vp8: 9c59270c3fd7afecdb556c50c9e8de78 -> 
  custom:audio-decoder-ogg-vorbis: bf7c407c2cedff20999df2af8eb42d56 -> 
  custom:audio-encoder-webm-vorbis: bf7c407c2cedff20999df2af8eb42d56 -> 
========================================================================
Received Prepare
Registering precompiled user dll's ...
Registered in 0.003171 seconds.
Begin MonoManager ReloadAssembly
Native extension for LinuxStandalone target not found
Native extension for WindowsStandalone target not found
Native extension for OSXStandalone target not found
Native extension for WebGL target not found
Refreshing native plugins compatible for Editor in 0.60 ms, found 3 plugins.
Preloading 0 native plugins for Editor in 0.00 ms.
Mono: successfully reloaded assembly
- Completed reload, in  1.353 seconds
Domain Reload Profiling:
	ReloadAssembly (1354ms)
		BeginReloadAssembly (166ms)
			ExecutionOrderSort (0ms)
			DisableScriptedObjects (9ms)
			BackupInstance (0ms)
			ReleaseScriptingObjects (0ms)
			CreateAndSetChildDomain (91ms)
		EndReloadAssembly (1114ms)
			LoadAssemblies (89ms)
			RebuildTransferFunctionScriptingTraits (0ms)
			SetupTypeCache (401ms)
			ReleaseScriptCaches (1ms)
			RebuildScriptCaches (60ms)
			SetupLoadedEditorAssemblies (429ms)
				LogAssemblyErrors (0ms)
				InitializePlatformSupportModulesInManaged (7ms)
				SetLoadedEditorAssemblies (1ms)
				RefreshPlugins (1ms)
				BeforeProcessingInitializeOnLoad (133ms)
				ProcessInitializeOnLoadAttributes (275ms)
				ProcessInitializeOnLoadMethodAttributes (12ms)
				AfterProcessingInitializeOnLoad (1ms)
				EditorAssembliesLoaded (0ms)
			ExecutionOrderSort2 (0ms)
			AwakeInstancesAfterBackupRestoration (11ms)
Platform modules already initialized, skipping
Refreshing native plugins compatible for Editor in 0.59 ms, found 3 plugins.
Preloading 0 native plugins for Editor in 0.00 ms.
Unloading 2175 Unused Serialized files (Serialized files now loaded: 0)
System memory in use before: 202.7 MB.
System memory in use after: 202.8 MB.

Unloading 17 unused Assets to reduce memory usage. Loaded Objects now: 2676.
Total: 3.649458 ms (FindLiveObjects: 0.231820 ms CreateObjectMapping: 0.092403 ms MarkObjects: 3.275241 ms  DeleteObjects: 0.048847 ms)

AssetImportParameters requested are different than current active one (requested -> active):
  custom:video-decoder-ogg-theora: a1e56fd34408186e4bbccfd4996cb3dc -> 
  custom:container-muxer-webm: aa71ff27fc2769a1b78a27578f13a17b -> 
  custom:container-demuxer-webm: 4f35f7cbe854078d1ac9338744f61a02 -> 
  custom:container-demuxer-ogg: 62fdf1f143b41e24485cea50d1cbac27 -> 
  custom:video-encoder-webm-vp8: eb34c28f22e8b96e1ab97ce403110664 -> 
  custom:framework-osx-AVFoundation: b23960f63f64bdc6ff669e2cdcee2391 -> 
  custom:video-decoder-webm-vp8: 9c59270c3fd7afecdb556c50c9e8de78 -> 
  custom:audio-decoder-ogg-vorbis: bf7c407c2cedff20999df2af8eb42d56 -> 
  custom:audio-encoder-webm-vorbis: bf7c407c2cedff20999df2af8eb42d56 -> 
========================================================================
Received Prepare
Registering precompiled user dll's ...
Registered in 0.008109 seconds.
Begin MonoManager ReloadAssembly
Native extension for LinuxStandalone target not found
Native extension for WindowsStandalone target not found
Native extension for OSXStandalone target not found
Native extension for WebGL target not found
Refreshing native plugins compatible for Editor in 0.61 ms, found 3 plugins.
Preloading 0 native plugins for Editor in 0.00 ms.
Mono: successfully reloaded assembly
- Completed reload, in  1.399 seconds
Domain Reload Profiling:
	ReloadAssembly (1403ms)
		BeginReloadAssembly (142ms)
			ExecutionOrderSort (0ms)
			DisableScriptedObjects (9ms)
			BackupInstance (0ms)
			ReleaseScriptingObjects (0ms)
			CreateAndSetChildDomain (72ms)
		EndReloadAssembly (1186ms)
			LoadAssemblies (136ms)
			RebuildTransferFunctionScriptingTraits (0ms)
			SetupTypeCache (409ms)
			ReleaseScriptCaches (1ms)
			RebuildScriptCaches (62ms)
			SetupLoadedEditorAssemblies (423ms)
				LogAssemblyErrors (0ms)
				InitializePlatformSupportModulesInManaged (9ms)
				SetLoadedEditorAssemblies (1ms)
				RefreshPlugins (1ms)
				BeforeProcessingInitializeOnLoad (140ms)
				ProcessInitializeOnLoadAttributes (258ms)
				ProcessInitializeOnLoadMethodAttributes (14ms)
				AfterProcessingInitializeOnLoad (1ms)
				EditorAssembliesLoaded (0ms)
			ExecutionOrderSort2 (0ms)
			AwakeInstancesAfterBackupRestoration (11ms)
Platform modules already initialized, skipping
Refreshing native plugins compatible for Editor in 0.56 ms, found 3 plugins.
Preloading 0 native plugins for Editor in 0.00 ms.
Unloading 2175 Unused Serialized files (Serialized files now loaded: 0)
System memory in use before: 202.9 MB.
System memory in use after: 203.0 MB.

Unloading 17 unused Assets to reduce memory usage. Loaded Objects now: 2678.
Total: 4.482035 ms (FindLiveObjects: 0.639111 ms CreateObjectMapping: 0.267268 ms MarkObjects: 3.525025 ms  DeleteObjects: 0.049148 ms)

AssetImportParameters requested are different than current active one (requested -> active):
  custom:video-decoder-ogg-theora: a1e56fd34408186e4bbccfd4996cb3dc -> 
  custom:container-muxer-webm: aa71ff27fc2769a1b78a27578f13a17b -> 
  custom:container-demuxer-webm: 4f35f7cbe854078d1ac9338744f61a02 -> 
  custom:container-demuxer-ogg: 62fdf1f143b41e24485cea50d1cbac27 -> 
  custom:video-encoder-webm-vp8: eb34c28f22e8b96e1ab97ce403110664 -> 
  custom:framework-osx-AVFoundation: b23960f63f64bdc6ff669e2cdcee2391 -> 
  custom:video-decoder-webm-vp8: 9c59270c3fd7afecdb556c50c9e8de78 -> 
  custom:audio-decoder-ogg-vorbis: bf7c407c2cedff20999df2af8eb42d56 -> 
  custom:audio-encoder-webm-vorbis: bf7c407c2cedff20999df2af8eb42d56 -> 
========================================================================
Received Prepare
Trying to reload asset but can't find object on disk
Registering precompiled user dll's ...
Registered in 0.003379 seconds.
Begin MonoManager ReloadAssembly
Native extension for LinuxStandalone target not found
Native extension for WindowsStandalone target not found
Native extension for OSXStandalone target not found
Native extension for WebGL target not found
Refreshing native plugins compatible for Editor in 0.68 ms, found 3 plugins.
Preloading 0 native plugins for Editor in 0.00 ms.
Mono: successfully reloaded assembly
- Completed reload, in  1.472 seconds
Domain Reload Profiling:
	ReloadAssembly (1472ms)
		BeginReloadAssembly (136ms)
			ExecutionOrderSort (0ms)
			DisableScriptedObjects (7ms)
			BackupInstance (0ms)
			ReleaseScriptingObjects (0ms)
			CreateAndSetChildDomain (77ms)
		EndReloadAssembly (1262ms)
			LoadAssemblies (76ms)
			RebuildTransferFunctionScriptingTraits (0ms)
			SetupTypeCache (451ms)
			ReleaseScriptCaches (1ms)
			RebuildScriptCaches (112ms)
			SetupLoadedEditorAssemblies (439ms)
				LogAssemblyErrors (0ms)
				InitializePlatformSupportModulesInManaged (7ms)
				SetLoadedEditorAssemblies (1ms)
				RefreshPlugins (1ms)
				BeforeProcessingInitializeOnLoad (135ms)
				ProcessInitializeOnLoadAttributes (261ms)
				ProcessInitializeOnLoadMethodAttributes (33ms)
				AfterProcessingInitializeOnLoad (1ms)
				EditorAssembliesLoaded (0ms)
			ExecutionOrderSort2 (0ms)
			AwakeInstancesAfterBackupRestoration (14ms)
Platform modules already initialized, skipping
Refreshing native plugins compatible for Editor in 1.06 ms, found 3 plugins.
Preloading 0 native plugins for Editor in 0.00 ms.
Unloading 2175 Unused Serialized files (Serialized files now loaded: 0)
System memory in use before: 203.2 MB.
System memory in use after: 203.3 MB.

Unloading 17 unused Assets to reduce memory usage. Loaded Objects now: 2680.
Total: 6.160092 ms (FindLiveObjects: 0.281855 ms CreateObjectMapping: 0.120921 ms MarkObjects: 5.722937 ms  DeleteObjects: 0.028111 ms)

AssetImportParameters requested are different than current active one (requested -> active):
  custom:video-decoder-ogg-theora: a1e56fd34408186e4bbccfd4996cb3dc -> 
  custom:container-muxer-webm: aa71ff27fc2769a1b78a27578f13a17b -> 
  custom:container-demuxer-webm: 4f35f7cbe854078d1ac9338744f61a02 -> 
  custom:container-demuxer-ogg: 62fdf1f143b41e24485cea50d1cbac27 -> 
  custom:video-encoder-webm-vp8: eb34c28f22e8b96e1ab97ce403110664 -> 
  custom:framework-osx-AVFoundation: b23960f63f64bdc6ff669e2cdcee2391 -> 
  custom:video-decoder-webm-vp8: 9c59270c3fd7afecdb556c50c9e8de78 -> 
  custom:audio-decoder-ogg-vorbis: bf7c407c2cedff20999df2af8eb42d56 -> 
  custom:audio-encoder-webm-vorbis: bf7c407c2cedff20999df2af8eb42d56 -> 
========================================================================
Received Prepare
Trying to reload asset but can't find object on disk
Registering precompiled user dll's ...
Registered in 0.001863 seconds.
Begin MonoManager ReloadAssembly
Native extension for LinuxStandalone target not found
Native extension for WindowsStandalone target not found
Native extension for OSXStandalone target not found
Native extension for WebGL target not found
Refreshing native plugins compatible for Editor in 0.55 ms, found 3 plugins.
Preloading 0 native plugins for Editor in 0.00 ms.
Mono: successfully reloaded assembly
- Completed reload, in  1.447 seconds
Domain Reload Profiling:
	ReloadAssembly (1447ms)
		BeginReloadAssembly (130ms)
			ExecutionOrderSort (0ms)
			DisableScriptedObjects (7ms)
			BackupInstance (0ms)
			ReleaseScriptingObjects (0ms)
			CreateAndSetChildDomain (71ms)
		EndReloadAssembly (1242ms)
			LoadAssemblies (75ms)
			RebuildTransferFunctionScriptingTraits (0ms)
			SetupTypeCache (388ms)
			ReleaseScriptCaches (1ms)
			RebuildScriptCaches (60ms)
			SetupLoadedEditorAssemblies (570ms)
				LogAssemblyErrors (0ms)
				InitializePlatformSupportModulesInManaged (7ms)
				SetLoadedEditorAssemblies (1ms)
				RefreshPlugins (1ms)
				BeforeProcessingInitializeOnLoad (140ms)
				ProcessInitializeOnLoadAttributes (409ms)
				ProcessInitializeOnLoadMethodAttributes (11ms)
				AfterProcessingInitializeOnLoad (1ms)
				EditorAssembliesLoaded (0ms)
			ExecutionOrderSort2 (0ms)
			AwakeInstancesAfterBackupRestoration (11ms)
Platform modules already initialized, skipping
Refreshing native plugins compatible for Editor in 0.44 ms, found 3 plugins.
Preloading 0 native plugins for Editor in 0.00 ms.
Unloading 2175 Unused Serialized files (Serialized files now loaded: 0)
System memory in use before: 203.5 MB.
System memory in use after: 203.6 MB.

Unloading 17 unused Assets to reduce memory usage. Loaded Objects now: 2682.
Total: 3.212591 ms (FindLiveObjects: 0.207213 ms CreateObjectMapping: 0.084314 ms MarkObjects: 2.901642 ms  DeleteObjects: 0.018449 ms)

AssetImportParameters requested are different than current active one (requested -> active):
  custom:video-decoder-ogg-theora: a1e56fd34408186e4bbccfd4996cb3dc -> 
  custom:container-muxer-webm: aa71ff27fc2769a1b78a27578f13a17b -> 
  custom:container-demuxer-webm: 4f35f7cbe854078d1ac9338744f61a02 -> 
  custom:container-demuxer-ogg: 62fdf1f143b41e24485cea50d1cbac27 -> 
  custom:video-encoder-webm-vp8: eb34c28f22e8b96e1ab97ce403110664 -> 
  custom:framework-osx-AVFoundation: b23960f63f64bdc6ff669e2cdcee2391 -> 
  custom:video-decoder-webm-vp8: 9c59270c3fd7afecdb556c50c9e8de78 -> 
  custom:audio-decoder-ogg-vorbis: bf7c407c2cedff20999df2af8eb42d56 -> 
  custom:audio-encoder-webm-vorbis: bf7c407c2cedff20999df2af8eb42d56 -> 
========================================================================
Received Prepare
Trying to reload asset but can't find object on disk
Registering precompiled user dll's ...
Registered in 0.009943 seconds.
Begin MonoManager ReloadAssembly
Native extension for LinuxStandalone target not found
Native extension for WindowsStandalone target not found
Native extension for OSXStandalone target not found
Native extension for WebGL target not found
Refreshing native plugins compatible for Editor in 0.58 ms, found 3 plugins.
Preloading 0 native plugins for Editor in 0.00 ms.
Mono: successfully reloaded assembly
- Completed reload, in  1.571 seconds
Domain Reload Profiling:
	ReloadAssembly (1573ms)
		BeginReloadAssembly (222ms)
			ExecutionOrderSort (0ms)
			DisableScriptedObjects (15ms)
			BackupInstance (0ms)
			ReleaseScriptingObjects (0ms)
			CreateAndSetChildDomain (128ms)
		EndReloadAssembly (1268ms)
			LoadAssemblies (147ms)
			RebuildTransferFunctionScriptingTraits (0ms)
			SetupTypeCache (460ms)
			ReleaseScriptCaches (1ms)
			RebuildScriptCaches (65ms)
			SetupLoadedEditorAssemblies (442ms)
				LogAssemblyErrors (0ms)
				InitializePlatformSupportModulesInManaged (9ms)
				SetLoadedEditorAssemblies (1ms)
				RefreshPlugins (1ms)
				BeforeProcessingInitializeOnLoad (154ms)
				ProcessInitializeOnLoadAttributes (262ms)
				ProcessInitializeOnLoadMethodAttributes (15ms)
				AfterProcessingInitializeOnLoad (1ms)
				EditorAssembliesLoaded (0ms)
			ExecutionOrderSort2 (0ms)
			AwakeInstancesAfterBackupRestoration (11ms)
Platform modules already initialized, skipping
Refreshing native plugins compatible for Editor in 0.53 ms, found 3 plugins.
Preloading 0 native plugins for Editor in 0.00 ms.
Unloading 2175 Unused Serialized files (Serialized files now loaded: 0)
System memory in use before: 203.7 MB.
System memory in use after: 203.8 MB.

Unloading 17 unused Assets to reduce memory usage. Loaded Objects now: 2684.
Total: 3.509595 ms (FindLiveObjects: 0.310474 ms CreateObjectMapping: 0.096881 ms MarkObjects: 3.065594 ms  DeleteObjects: 0.035238 ms)

AssetImportParameters requested are different than current active one (requested -> active):
  custom:video-decoder-ogg-theora: a1e56fd34408186e4bbccfd4996cb3dc -> 
  custom:container-muxer-webm: aa71ff27fc2769a1b78a27578f13a17b -> 
  custom:container-demuxer-webm: 4f35f7cbe854078d1ac9338744f61a02 -> 
  custom:container-demuxer-ogg: 62fdf1f143b41e24485cea50d1cbac27 -> 
  custom:video-encoder-webm-vp8: eb34c28f22e8b96e1ab97ce403110664 -> 
  custom:framework-osx-AVFoundation: b23960f63f64bdc6ff669e2cdcee2391 -> 
  custom:video-decoder-webm-vp8: 9c59270c3fd7afecdb556c50c9e8de78 -> 
  custom:audio-decoder-ogg-vorbis: bf7c407c2cedff20999df2af8eb42d56 -> 
  custom:audio-encoder-webm-vorbis: bf7c407c2cedff20999df2af8eb42d56 -> 
========================================================================
Received Import Request.
  Time since last request: 2896.340010 seconds.
  path: Assets/Artwork/backgroundTiles.png
  artifactKey: Guid(f839d29b87dd7450c8a9d28fb8b6bd2d) Importer(815301076,1909f56bfc062723c751e8b465ee728b)
Start importing Assets/Artwork/backgroundTiles.png using Guid(f839d29b87dd7450c8a9d28fb8b6bd2d) Importer(815301076,1909f56bfc062723c751e8b465ee728b)  -> (artifact id: '40a7a88e8dbdf8192b43b88652bdfa95') in 0.090247 seconds 
  Import took 0.098878 seconds .

========================================================================
Received Import Request.
  Time since last request: 37.826975 seconds.
  path: Assets/Artwork/backgroundTiles.png
  artifactKey: Guid(f839d29b87dd7450c8a9d28fb8b6bd2d) Importer(815301076,1909f56bfc062723c751e8b465ee728b)
Start importing Assets/Artwork/backgroundTiles.png using Guid(f839d29b87dd7450c8a9d28fb8b6bd2d) Importer(815301076,1909f56bfc062723c751e8b465ee728b)  -> (artifact id: '26af044e7df920cb6bd992f749ad87f4') in 0.036144 seconds 
  Import took 0.042097 seconds .

========================================================================
Received Import Request.
  Time since last request: 29.387222 seconds.
  path: Assets/Artwork/backgroundTiles.png
  artifactKey: Guid(f839d29b87dd7450c8a9d28fb8b6bd2d) Importer(815301076,1909f56bfc062723c751e8b465ee728b)
Start importing Assets/Artwork/backgroundTiles.png using Guid(f839d29b87dd7450c8a9d28fb8b6bd2d) Importer(815301076,1909f56bfc062723c751e8b465ee728b)  -> (artifact id: '30f680c9c43da37366204f9c1e4f325e') in 0.023433 seconds 
  Import took 0.032465 seconds .

========================================================================
Received Import Request.
  Time since last request: 34.216709 seconds.
  path: Assets/Artwork/backgroundTiles.png
  artifactKey: Guid(f839d29b87dd7450c8a9d28fb8b6bd2d) Importer(815301076,1909f56bfc062723c751e8b465ee728b)
Start importing Assets/Artwork/backgroundTiles.png using Guid(f839d29b87dd7450c8a9d28fb8b6bd2d) Importer(815301076,1909f56bfc062723c751e8b465ee728b)  -> (artifact id: '0972539743a4cefad694005dd31c4be2') in 0.018867 seconds 
  Import took 0.027199 seconds .

========================================================================
Received Import Request.
  Time since last request: 31.763854 seconds.
  path: Assets/Artwork/backgroundTiles.png
  artifactKey: Guid(f839d29b87dd7450c8a9d28fb8b6bd2d) Importer(815301076,1909f56bfc062723c751e8b465ee728b)
Start importing Assets/Artwork/backgroundTiles.png using Guid(f839d29b87dd7450c8a9d28fb8b6bd2d) Importer(815301076,1909f56bfc062723c751e8b465ee728b)  -> (artifact id: '825b7e0f599f385547ebb5ba6c9d6d3b') in 0.033951 seconds 
  Import took 0.043673 seconds .

========================================================================
Received Prepare
Trying to reload asset but can't find object on disk
Registering precompiled user dll's ...
Registered in 0.004986 seconds.
Begin MonoManager ReloadAssembly
Native extension for LinuxStandalone target not found
Native extension for WindowsStandalone target not found
Native extension for OSXStandalone target not found
Native extension for WebGL target not found
Refreshing native plugins compatible for Editor in 0.54 ms, found 3 plugins.
Preloading 0 native plugins for Editor in 0.00 ms.
Mono: successfully reloaded assembly
- Completed reload, in  1.618 seconds
Domain Reload Profiling:
	ReloadAssembly (1622ms)
		BeginReloadAssembly (197ms)
			ExecutionOrderSort (0ms)
			DisableScriptedObjects (12ms)
			BackupInstance (0ms)
			ReleaseScriptingObjects (0ms)
			CreateAndSetChildDomain (125ms)
		EndReloadAssembly (1342ms)
			LoadAssemblies (84ms)
			RebuildTransferFunctionScriptingTraits (0ms)
			SetupTypeCache (544ms)
			ReleaseScriptCaches (1ms)
			RebuildScriptCaches (62ms)
			SetupLoadedEditorAssemblies (471ms)
				LogAssemblyErrors (0ms)
				InitializePlatformSupportModulesInManaged (9ms)
				SetLoadedEditorAssemblies (1ms)
				RefreshPlugins (1ms)
				BeforeProcessingInitializeOnLoad (139ms)
				ProcessInitializeOnLoadAttributes (306ms)
				ProcessInitializeOnLoadMethodAttributes (14ms)
				AfterProcessingInitializeOnLoad (2ms)
				EditorAssembliesLoaded (0ms)
			ExecutionOrderSort2 (0ms)
			AwakeInstancesAfterBackupRestoration (17ms)
Platform modules already initialized, skipping
Refreshing native plugins compatible for Editor in 0.62 ms, found 3 plugins.
Preloading 0 native plugins for Editor in 0.00 ms.
Unloading 2175 Unused Serialized files (Serialized files now loaded: 0)
System memory in use before: 203.9 MB.
System memory in use after: 204.0 MB.

Unloading 17 unused Assets to reduce memory usage. Loaded Objects now: 2690.
Total: 4.436561 ms (FindLiveObjects: 0.334496 ms CreateObjectMapping: 0.156533 ms MarkObjects: 3.865403 ms  DeleteObjects: 0.078519 ms)

AssetImportParameters requested are different than current active one (requested -> active):
  custom:video-decoder-ogg-theora: a1e56fd34408186e4bbccfd4996cb3dc -> 
  custom:container-muxer-webm: aa71ff27fc2769a1b78a27578f13a17b -> 
  custom:container-demuxer-webm: 4f35f7cbe854078d1ac9338744f61a02 -> 
  custom:container-demuxer-ogg: 62fdf1f143b41e24485cea50d1cbac27 -> 
  custom:video-encoder-webm-vp8: eb34c28f22e8b96e1ab97ce403110664 -> 
  custom:framework-osx-AVFoundation: b23960f63f64bdc6ff669e2cdcee2391 -> 
  custom:video-decoder-webm-vp8: 9c59270c3fd7afecdb556c50c9e8de78 -> 
  custom:audio-decoder-ogg-vorbis: bf7c407c2cedff20999df2af8eb42d56 -> 
  custom:audio-encoder-webm-vorbis: bf7c407c2cedff20999df2af8eb42d56 -> 
========================================================================
Received Prepare
Trying to reload asset but can't find object on disk
Registering precompiled user dll's ...
Registered in 0.005975 seconds.
Begin MonoManager ReloadAssembly
Native extension for LinuxStandalone target not found
Native extension for WindowsStandalone target not found
Native extension for OSXStandalone target not found
Native extension for WebGL target not found
Refreshing native plugins compatible for Editor in 0.52 ms, found 3 plugins.
Preloading 0 native plugins for Editor in 0.00 ms.
Mono: successfully reloaded assembly
- Completed reload, in  1.599 seconds
Domain Reload Profiling:
	ReloadAssembly (1610ms)
		BeginReloadAssembly (161ms)
			ExecutionOrderSort (0ms)
			DisableScriptedObjects (12ms)
			BackupInstance (0ms)
			ReleaseScriptingObjects (0ms)
			CreateAndSetChildDomain (79ms)
		EndReloadAssembly (1327ms)
			LoadAssemblies (131ms)
			RebuildTransferFunctionScriptingTraits (0ms)
			SetupTypeCache (467ms)
			ReleaseScriptCaches (3ms)
			RebuildScriptCaches (79ms)
			SetupLoadedEditorAssemblies (439ms)
				LogAssemblyErrors (0ms)
				InitializePlatformSupportModulesInManaged (7ms)
				SetLoadedEditorAssemblies (1ms)
				RefreshPlugins (1ms)
				BeforeProcessingInitializeOnLoad (141ms)
				ProcessInitializeOnLoadAttributes (273ms)
				ProcessInitializeOnLoadMethodAttributes (15ms)
				AfterProcessingInitializeOnLoad (1ms)
				EditorAssembliesLoaded (0ms)
			ExecutionOrderSort2 (0ms)
			AwakeInstancesAfterBackupRestoration (11ms)
Platform modules already initialized, skipping
Refreshing native plugins compatible for Editor in 0.78 ms, found 3 plugins.
Preloading 0 native plugins for Editor in 0.00 ms.
Unloading 2175 Unused Serialized files (Serialized files now loaded: 0)
System memory in use before: 204.1 MB.
System memory in use after: 204.2 MB.

Unloading 17 unused Assets to reduce memory usage. Loaded Objects now: 2692.
Total: 3.806040 ms (FindLiveObjects: 0.252182 ms CreateObjectMapping: 0.081651 ms MarkObjects: 3.442668 ms  DeleteObjects: 0.028348 ms)

AssetImportParameters requested are different than current active one (requested -> active):
  custom:video-decoder-ogg-theora: a1e56fd34408186e4bbccfd4996cb3dc -> 
  custom:container-muxer-webm: aa71ff27fc2769a1b78a27578f13a17b -> 
  custom:container-demuxer-webm: 4f35f7cbe854078d1ac9338744f61a02 -> 
  custom:container-demuxer-ogg: 62fdf1f143b41e24485cea50d1cbac27 -> 
  custom:video-encoder-webm-vp8: eb34c28f22e8b96e1ab97ce403110664 -> 
  custom:framework-osx-AVFoundation: b23960f63f64bdc6ff669e2cdcee2391 -> 
  custom:video-decoder-webm-vp8: 9c59270c3fd7afecdb556c50c9e8de78 -> 
  custom:audio-decoder-ogg-vorbis: bf7c407c2cedff20999df2af8eb42d56 -> 
  custom:audio-encoder-webm-vorbis: bf7c407c2cedff20999df2af8eb42d56 -> 
========================================================================
Received Import Request.
  Time since last request: 637.306789 seconds.
  path: Assets/Artwork/Fruit+.png
  artifactKey: Guid(a5554bfb811fd48818749f5dfdd50a35) Importer(815301076,1909f56bfc062723c751e8b465ee728b)
Start importing Assets/Artwork/Fruit+.png using Guid(a5554bfb811fd48818749f5dfdd50a35) Importer(815301076,1909f56bfc062723c751e8b465ee728b)  -> (artifact id: '2666f9a2faacfdb165f68fe8f2233f4d') in 0.085564 seconds 
  Import took 0.091224 seconds .

========================================================================
Received Import Request.
  Time since last request: 3.737583 seconds.
  path: Assets/Artwork/Fruits.png
  artifactKey: Guid(a5554bfb811fd48818749f5dfdd50a35) Importer(815301076,1909f56bfc062723c751e8b465ee728b)
Start importing Assets/Artwork/Fruits.png using Guid(a5554bfb811fd48818749f5dfdd50a35) Importer(815301076,1909f56bfc062723c751e8b465ee728b)  -> (artifact id: 'a03812e8b587466f5dd6f86bf1f4072c') in 0.018888 seconds 
  Import took 0.023697 seconds .

========================================================================
Received Import Request.
  Time since last request: 5.928623 seconds.
  path: Assets/Artwork/Fruits.png
  artifactKey: Guid(a5554bfb811fd48818749f5dfdd50a35) Importer(815301076,1909f56bfc062723c751e8b465ee728b)
Start importing Assets/Artwork/Fruits.png using Guid(a5554bfb811fd48818749f5dfdd50a35) Importer(815301076,1909f56bfc062723c751e8b465ee728b)  -> (artifact id: 'efce9e68e6c59e52eb71fbd7c94f195e') in 0.012607 seconds 
  Import took 0.018719 seconds .

========================================================================
Received Import Request.
  Time since last request: 365.264775 seconds.
  path: Assets/Artwork/Fruits
  artifactKey: Guid(bc4dba49617214c86841478744a977cc) Importer(815301076,1909f56bfc062723c751e8b465ee728b)
Start importing Assets/Artwork/Fruits using Guid(bc4dba49617214c86841478744a977cc) Importer(815301076,1909f56bfc062723c751e8b465ee728b)  -> (artifact id: '505ba14f12ce9f8c31ec963a76a7ca05') in 0.002098 seconds 
  Import took 0.027730 seconds .

========================================================================
Received Import Request.
  Time since last request: 11.543795 seconds.
  path: Assets/Artwork/Fruits/banana.png
  artifactKey: Guid(ccc83f51f9cd14b02a1bededaa0e0739) Importer(815301076,1909f56bfc062723c751e8b465ee728b)
Start importing Assets/Artwork/Fruits/banana.png using Guid(ccc83f51f9cd14b02a1bededaa0e0739) Importer(815301076,1909f56bfc062723c751e8b465ee728b)  -> (artifact id: 'f04fe27d936beb332d1d9ec0540dc48c') in 0.059677 seconds 
  Import took 0.064420 seconds .

========================================================================
Received Import Request.
  Time since last request: 11.951398 seconds.
  path: Assets/Artwork/Fruits/black-berry-dark.png
  artifactKey: Guid(a3c22154b7c5f4726919019e08944d07) Importer(815301076,1909f56bfc062723c751e8b465ee728b)
Start importing Assets/Artwork/Fruits/black-berry-dark.png using Guid(a3c22154b7c5f4726919019e08944d07) Importer(815301076,1909f56bfc062723c751e8b465ee728b)  -> (artifact id: '4134030e0d6960a039a74ad46cbe6a50') in 0.024865 seconds 
  Import took 0.029646 seconds .

========================================================================
Received Import Request.
  Time since last request: 6.345314 seconds.
  path: Assets/Artwork/Fruits/green-grape.png
  artifactKey: Guid(ec3fae316a85c488c855925f6e729ef7) Importer(815301076,1909f56bfc062723c751e8b465ee728b)
Start importing Assets/Artwork/Fruits/green-grape.png using Guid(ec3fae316a85c488c855925f6e729ef7) Importer(815301076,1909f56bfc062723c751e8b465ee728b)  -> (artifact id: '1e0ee97f0f1d76dd8b9caff13393aad2') in 0.032140 seconds 
  Import took 0.036759 seconds .

========================================================================
Received Import Request.
  Time since last request: 7.626903 seconds.
  path: Assets/Artwork/Fruits/green-grape.png
  artifactKey: Guid(ec3fae316a85c488c855925f6e729ef7) Importer(815301076,1909f56bfc062723c751e8b465ee728b)
Start importing Assets/Artwork/Fruits/green-grape.png using Guid(ec3fae316a85c488c855925f6e729ef7) Importer(815301076,1909f56bfc062723c751e8b465ee728b)  -> (artifact id: '15999f08d616295282f6c33c3d08e939') in 0.018988 seconds 
  Import took 0.025732 seconds .

========================================================================
Received Import Request.
  Time since last request: 1.677819 seconds.
  path: Assets/Artwork/Fruits/banana.png
  artifactKey: Guid(ccc83f51f9cd14b02a1bededaa0e0739) Importer(815301076,1909f56bfc062723c751e8b465ee728b)
Start importing Assets/Artwork/Fruits/banana.png using Guid(ccc83f51f9cd14b02a1bededaa0e0739) Importer(815301076,1909f56bfc062723c751e8b465ee728b)  -> (artifact id: '454e52e56810d9d7d75fbd3e6fc6619e') in 0.029686 seconds 
  Import took 0.034808 seconds .

========================================================================
Received Import Request.
  Time since last request: 3.395885 seconds.
  path: Assets/Artwork/Fruits/black-berry-dark.png
  artifactKey: Guid(a3c22154b7c5f4726919019e08944d07) Importer(815301076,1909f56bfc062723c751e8b465ee728b)
Start importing Assets/Artwork/Fruits/black-berry-dark.png using Guid(a3c22154b7c5f4726919019e08944d07) Importer(815301076,1909f56bfc062723c751e8b465ee728b)  -> (artifact id: '595385fdfa30c5aeef55970252cc37de') in 0.023264 seconds 
  Import took 0.029324 seconds .

========================================================================
Received Import Request.
  Time since last request: 7.998025 seconds.
  path: Assets/Artwork/Fruits/black-berry-light.png
  artifactKey: Guid(124fdccf27b5d4c0fbaa3abf4e106902) Importer(815301076,1909f56bfc062723c751e8b465ee728b)
Start importing Assets/Artwork/Fruits/black-berry-light.png using Guid(124fdccf27b5d4c0fbaa3abf4e106902) Importer(815301076,1909f56bfc062723c751e8b465ee728b)  -> (artifact id: '9e6fe30bbbdecf7fbb193b3e9e5f239d') in 0.022844 seconds 
  Import took 0.027412 seconds .

========================================================================
Received Import Request.
  Time since last request: 5.427132 seconds.
  path: Assets/Artwork/Fruits/black-cherry.png
  artifactKey: Guid(6dd45141c0c9f496a931c462b78d66d9) Importer(815301076,1909f56bfc062723c751e8b465ee728b)
Start importing Assets/Artwork/Fruits/black-cherry.png using Guid(6dd45141c0c9f496a931c462b78d66d9) Importer(815301076,1909f56bfc062723c751e8b465ee728b)  -> (artifact id: 'eeddf32bf96e80ed313fe03fcfdf115b') in 0.023832 seconds 
  Import took 0.029481 seconds .

========================================================================
Received Import Request.
  Time since last request: 0.208037 seconds.
  path: Assets/Artwork/Fruits/coconut.png
  artifactKey: Guid(c9910d7c3587a4c89be4326044f52f9a) Importer(815301076,1909f56bfc062723c751e8b465ee728b)
Start importing Assets/Artwork/Fruits/coconut.png using Guid(c9910d7c3587a4c89be4326044f52f9a) Importer(815301076,1909f56bfc062723c751e8b465ee728b)  -> (artifact id: 'b5593b3493283882ba070811e538f10a') in 0.028065 seconds 
  Import took 0.032770 seconds .

========================================================================
Received Import Request.
  Time since last request: 0.196700 seconds.
  path: Assets/Artwork/Fruits/green-apple.png
  artifactKey: Guid(9b8a5cb75f36f4fbc97d772d1273681e) Importer(815301076,1909f56bfc062723c751e8b465ee728b)
Start importing Assets/Artwork/Fruits/green-apple.png using Guid(9b8a5cb75f36f4fbc97d772d1273681e) Importer(815301076,1909f56bfc062723c751e8b465ee728b)  -> (artifact id: 'eada78557d11199e4e808d26230cce2b') in 0.025222 seconds 
  Import took 0.032479 seconds .

========================================================================
Received Import Request.
  Time since last request: 0.441772 seconds.
  path: Assets/Artwork/Fruits/lemon.png
  artifactKey: Guid(5ef429272534c49bd9a3dd45bf7b5572) Importer(815301076,1909f56bfc062723c751e8b465ee728b)
Start importing Assets/Artwork/Fruits/lemon.png using Guid(5ef429272534c49bd9a3dd45bf7b5572) Importer(815301076,1909f56bfc062723c751e8b465ee728b)  -> (artifact id: '355ec3c9aa48503cd63cae6aa6ee3dc4') in 0.028048 seconds 
  Import took 0.033107 seconds .

========================================================================
Received Import Request.
  Time since last request: 0.209054 seconds.
  path: Assets/Artwork/Fruits/lime.png
  artifactKey: Guid(39d2420997dd14ed9ab4fe6c50babd97) Importer(815301076,1909f56bfc062723c751e8b465ee728b)
Start importing Assets/Artwork/Fruits/lime.png using Guid(39d2420997dd14ed9ab4fe6c50babd97) Importer(815301076,1909f56bfc062723c751e8b465ee728b)  -> (artifact id: 'a1ae98751ca21b735d5902c4dbcfd826') in 0.021607 seconds 
  Import took 0.026708 seconds .

========================================================================
Received Import Request.
  Time since last request: 0.242680 seconds.
  path: Assets/Artwork/Fruits/orange.png
  artifactKey: Guid(dda4d10476cac4a8d8694e25474a3b81) Importer(815301076,1909f56bfc062723c751e8b465ee728b)
Start importing Assets/Artwork/Fruits/orange.png using Guid(dda4d10476cac4a8d8694e25474a3b81) Importer(815301076,1909f56bfc062723c751e8b465ee728b)  -> (artifact id: '0f21b5357c3bcf8e1a6ee557711584ef') in 0.024322 seconds 
  Import took 0.030936 seconds .

========================================================================
Received Import Request.
  Time since last request: 0.278613 seconds.
  path: Assets/Artwork/Fruits/peach.png
  artifactKey: Guid(858620dfd7a4a4d278748de74f473f58) Importer(815301076,1909f56bfc062723c751e8b465ee728b)
Start importing Assets/Artwork/Fruits/peach.png using Guid(858620dfd7a4a4d278748de74f473f58) Importer(815301076,1909f56bfc062723c751e8b465ee728b)  -> (artifact id: '265a534e360c815a9a8b0600294ae163') in 0.046995 seconds 
  Import took 0.056601 seconds .

========================================================================
Received Import Request.
  Time since last request: 0.219438 seconds.
  path: Assets/Artwork/Fruits/pear.png
  artifactKey: Guid(a3f3a08f10d1c4fc09036f52df5f78f2) Importer(815301076,1909f56bfc062723c751e8b465ee728b)
Start importing Assets/Artwork/Fruits/pear.png using Guid(a3f3a08f10d1c4fc09036f52df5f78f2) Importer(815301076,1909f56bfc062723c751e8b465ee728b)  -> (artifact id: '2055c0689bffe2144bb69d6906eb7bd6') in 0.025050 seconds 
  Import took 0.031593 seconds .

========================================================================
Received Import Request.
  Time since last request: 46.696677 seconds.
  path: Assets/Artwork/Fruits/pear.png
  artifactKey: Guid(a3f3a08f10d1c4fc09036f52df5f78f2) Importer(815301076,1909f56bfc062723c751e8b465ee728b)
Start importing Assets/Artwork/Fruits/pear.png using Guid(a3f3a08f10d1c4fc09036f52df5f78f2) Importer(815301076,1909f56bfc062723c751e8b465ee728b)  -> (artifact id: 'f566faf9a394adc2bb687126ad3207d0') in 0.017307 seconds 
  Import took 0.023797 seconds .

========================================================================
Received Import Request.
  Time since last request: 20.930005 seconds.
  path: Assets/Artwork/Fruits/banana.png
  artifactKey: Guid(ccc83f51f9cd14b02a1bededaa0e0739) Importer(815301076,1909f56bfc062723c751e8b465ee728b)
Start importing Assets/Artwork/Fruits/banana.png using Guid(ccc83f51f9cd14b02a1bededaa0e0739) Importer(815301076,1909f56bfc062723c751e8b465ee728b)  -> (artifact id: '4b2f29e3085432a2ab12991c0a457df0') in 0.023042 seconds 
  Import took 0.029507 seconds .

